Computing installation plan...
The following packages are already installed:
    openssl:x64-linux@3.2.1
openssl:x64-linux is already installed
Total install time: 155 us
The package openssl is compatible with built-in CMake targets:

    find_package(OpenSSL REQUIRED)
    target_link_libraries(main PRIVATE OpenSSL::SSL OpenSSL::Crypto)

Computing installation plan...
The following packages are already installed:
    sqlite3[core,json1]:x64-linux@3.45.0
sqlite3:x64-linux is already installed
Total install time: 93.6 us
sqlite3 provides pkgconfig bindings.
sqlite3 provides CMake targets:

    find_package(unofficial-sqlite3 CONFIG REQUIRED)
    target_link_libraries(main PRIVATE unofficial::sqlite3::sqlite3)

Computing installation plan...
The following packages are already installed:
    jsoncpp:x64-linux@1.9.5#2
jsoncpp:x64-linux is already installed
Total install time: 14.4 us
jsoncpp provides CMake targets:

  # this is heuristically generated, and may not be correct
  find_package(jsoncpp CONFIG REQUIRED)
  target_link_libraries(main PRIVATE JsonCpp::JsonCpp)

jsoncpp provides pkg-config modules:

    # A C++ library for interacting with JSON
    jsoncpp

Computing installation plan...
The following packages will be built and installed:
  * at-spi2-atk:x64-linux@2.38.0#1
  * at-spi2-core:x64-linux@2.44.1#3
  * atk:x64-linux@2.38.0#8
  * bzip2[core,tool]:x64-linux@1.0.8#5
  * cairo[core,fontconfig,freetype,gobject,x11]:x64-linux@1.17.8#4
  * dbus[core,systemd]:x64-linux@1.15.8#2
  * dirent:x64-linux@1.24
  * egl-registry:x64-linux@2022-09-20
  * flatbuffers:x64-linux@23.5.26#1
  * fontconfig:x64-linux@2.14.2#1
  * freetype[brotli,bzip2,core,png,zlib]:x64-linux@2.13.2
  * fribidi:x64-linux@1.0.13
  * gdk-pixbuf:x64-linux@2.42.10#2
  * getopt:x64-linux@0#3
  * gettext[core,tools]:x64-linux@0.22.4#2
  * gettext-libintl:x64-linux@0.22.4#1
  * glib:x64-linux@2.78.4
  * gtk3:x64-linux@3.24.38#1
  * harfbuzz[core,freetype]:x64-linux@8.3.0#3
  * libepoxy:x64-linux@1.5.10#2
  * libffi:x64-linux@3.4.4#6
  * libiconv:x64-linux@1.17#2
  * libjpeg-turbo:x64-linux@3.0.2
  * libmount:x64-linux@2.39
  * libpng:x64-linux@1.6.40#1
  * libsystemd:x64-linux@254#2
  * libuuid:x64-linux@1.0.3#14
  * libwebp[core,libwebpmux,nearlossless,simd]:x64-linux@1.3.2
  * libxcrypt:x64-linux@4.4.36
  * libxml2[core,iconv,lzma,zlib]:x64-linux@2.11.6#1
  * lz4:x64-linux@1.9.4#1
  * lzo:x64-linux@2.10#9
    opencv[core,default-features]:x64-linux@4.8.0#1
  * opencv4[core,default-features,dnn,gtk,jpeg,png,quirc,tiff,webp]:x64-linux@4.8.0#15
  * pango:x64-linux@1.50.14#4
  * pcre2[core,jit,platform-default-features]:x64-linux@10.42#1
  * pixman:x64-linux@0.43.2
  * protobuf:x64-linux@3.21.12#1
  * pthread:x64-linux@3.0.0#2
  * pthreads:x64-linux@3.0.0#14
  * quirc:x64-linux@1.1#3
  * tiff[core,jpeg,lzma,zip]:x64-linux@4.6.0#3
  * vcpkg-get-python-packages:x64-linux@2024-01-24
  * vcpkg-tool-meson:x64-linux@0.63#2
  * zstd:x64-linux@1.5.5#2
Additional packages (*) will be modified to complete this operation.
Detecting compiler hash for triplet x64-linux...
Restored 0 package(s) from /home/zhao/.cache/vcpkg/archives in 92.2 us. Use --debug to see more details.
Installing 1/45 libmount:x64-linux@2.39...
Building libmount:x64-linux@2.39...
-- Using cached util-linux-2.39.tar.xz.
-- Cleaning sources at /home/zhao/Softwares/vcpkg/buildtrees/libmount/src/2.39-8e811842f2.clean. Use --editable to skip cleaning for the packages you specify.
-- Extracting source /home/zhao/Softwares/vcpkg/downloads/util-linux-2.39.tar.xz
-- Using source at /home/zhao/Softwares/vcpkg/buildtrees/libmount/src/2.39-8e811842f2.clean
-- Getting CMake variables for x64-linux-dbg
-- Getting CMake variables for x64-linux-rel
CMake Error at scripts/cmake/vcpkg_configure_make.cmake:718 (message):
  libmount requires autoconf from the system package manager (example: "sudo
  apt-get install autoconf")
Call Stack (most recent call first):
  ports/libmount/portfile.cmake:23 (vcpkg_configure_make)
  scripts/ports.cmake:170 (include)


error: building libmount:x64-linux failed with: BUILD_FAILED
Elapsed time to handle libmount:x64-linux: 1.9 s
Please ensure you're using the latest port files with `git pull` and `vcpkg update`.
Then check for known issues at:
  https://github.com/microsoft/vcpkg/issues?q=is%3Aissue+is%3Aopen+in%3Atitle+libmount
You can submit a new issue at:
  https://github.com/microsoft/vcpkg/issues/new?title=[libmount]+Build+error+on+x64-linux&body=Copy+issue+body+from+%2Fhome%2Fzhao%2FSoftwares%2Fvcpkg%2Finstalled%2Fvcpkg%2Fissue_body.md

Computing installation plan...
The following packages are already installed:
    zlib:x64-linux@1.3.1
zlib:x64-linux is already installed
Total install time: 95.8 us
The package zlib is compatible with built-in CMake targets:

    find_package(ZLIB REQUIRED)
    target_link_libraries(main PRIVATE ZLIB::ZLIB)

Computing installation plan...
The following packages are already installed:
    cpp-httplib[core,brotli]:x64-linux@0.15.3
cpp-httplib:x64-linux is already installed
Total install time: 278 us
cpp-httplib provides CMake targets:

    find_package(httplib CONFIG REQUIRED)
    target_link_libraries(main PRIVATE httplib::httplib)

Computing installation plan...
The following packages are already installed:
    curl[core,ssl,openssl,non-http]:x64-linux@8.6.0
curl:x64-linux is already installed
Total install time: 96.4 us
curl is compatible with built-in CMake targets:

    find_package(CURL REQUIRED)
    target_link_libraries(main PRIVATE CURL::libcurl)

